{"message":"Unauthorized request to path: ${req.path}","level":"error"}
{"message":"Bookmark with id 25bc8681-f9d6-4a46-bc7e-4149b6b28936 created","level":"info"}
{"message":"Bookmark with id b844a454-3898-455b-bfe9-3c50baada92c created","level":"info"}
{"message":"Bookmark with id 1305f5cf-e786-469a-b498-3750fe83fc5f created","level":"info"}
{"message":"Bookmark with id 4db02fd3-0c39-4de9-a172-ca2ca64e7d4c created","level":"info"}
{"message":"Bookmark with id 1 deleted.","level":"info"}
{"message":"Bookmark with id 1305f5cf-e786-469a-b498-3750fe83fc5f deleted.","level":"info"}
{"message":"Bookmark with id 802416f9-dd10-4d71-9165-b8aed1778c17 created","level":"info"}
{"message":"Bookmark with id 1305f5cf-e786-469a-b498-3750fe83fc5f not found.","level":"error"}
{"message":"Bookmark with id 5f889730-8031-416d-90e1-89993267ab43 created","level":"info"}
{"message":"Bookmark with id a0b957ef-984b-4a67-9cde-018d40e2f042 created","level":"info"}
{"message":"Bookmark with id ce102955-4bfa-4083-95c5-a76ef13f4a48 created","level":"info"}
{"message":"Bookmark with id 19179c02-9f20-498f-930e-f55580ae3825 created","level":"info"}
{"message":"Bookmark with id 1197fc4b-4ea4-4a77-8e1e-8d55c6684c3b created","level":"info"}
{"message":"Bookmark with id 0062babf-193e-4017-bfc9-59fa657f54ff created","level":"info"}
{"message":"Bookmark with id fe2ea110-b8e2-46cb-b719-25115ff42de8 created","level":"info"}
{"message":"Bookmark with id 6cb612fb-c507-4699-819b-e5ae17aedccc created","level":"info"}
{"message":"Bookmark with id ddbef5b9-dba9-4f3e-ac27-679f3a9c54b6 created","level":"info"}
{"message":"Unauthorized request to path: ${req.path}","level":"error"}
{"message":"Bookmark with id 23 not found.","level":"error"}
{"message":"Bookmark with id 6cb612fb-c507-4699-819b-e5ae17aedccc not found.","level":"error"}
{"message":"Bookmark with id 0db678dc-aed7-414b-888b-9d13221392f5 created","level":"info"}
{"message":"Bookmark with id 53f0e960-c5a3-45f8-9f95-dc9d9f87b460 created","level":"info"}
{"message":"Unauthorized request to path: ${req.path}","level":"error"}
{"message":"Unauthorized request to path: ${req.path}","level":"error"}
{"message":"Unauthorized request to path: ${req.path}","level":"error"}
{"message":"Unauthorized request to path: ${req.path}","level":"error"}
{"message":"Unauthorized request to path: ${req.path}","level":"error"}
{"message":"Unauthorized request to path: ${req.path}","level":"error"}
{"message":"Unauthorized request to path: ${req.path}","level":"error"}
{"message":"Unauthorized request to path: ${req.path}","level":"error"}
{"message":"Unauthorized request to path: ${req.path}","level":"error"}
{"message":"Bookmark with id 123456 not found.","level":"error"}
{"message":"Bookmark with id 123456 not found.","level":"error"}
{"message":"Bookmark with id 123456 not found.","level":"error"}
{"message":"Unauthorized request to path: ${req.path}","level":"error"}
{"message":"Bookmark with id 123456 not found.","level":"error"}
{"message":"Bookmark with id 2 not found.","level":"error"}
{"message":"Bookmark with id 2 not found.","level":"error"}
{"message":"Bookmark with id 123456 not found.","level":"error"}
{"message":"Bookmark with id 123456 not found.","level":"error"}
{"message":"Bookmark with id 123456 not found.","level":"error"}
{"message":"Bookmark with id 123456 not found.","level":"error"}
{"message":"Bookmark with id 11 not found.","level":"error"}
{"message":"Bookmark with id 1133 not found.","level":"error"}
{"message":"Unauthorized request to path: ${req.path}","level":"error"}
{"message":"Unauthorized request to path: ${req.path}","level":"error"}
{"message":"Unauthorized request to path: ${req.path}","level":"error"}
{"message":"Unauthorized request to path: ${req.path}","level":"error"}
{"message":"Bookmark with id ac03791f-2f95-4160-9f6f-8ffb0e7f19f9 created","level":"info"}
{"message":"Unauthorized request to path: ${req.path}","level":"error"}
{"message":"Bookmark with id 4cd43efe-2416-4341-8c3d-e8c1984222f8 created","level":"info"}
{"message":"Unauthorized request to path: ${req.path}","level":"error"}
{"message":"Bookmark with id 80270ba1-d79a-4b2a-a172-7c919da9688b created","level":"info"}
{"message":"Unauthorized request to path: ${req.path}","level":"error"}
{"message":"Bookmark with id 870081cc-eecc-4f6a-adb3-514db033d794 created","level":"info"}
{"message":"Unauthorized request to path: ${req.path}","level":"error"}
{"message":"Bookmark with id 41892beb-a019-4446-9ba1-2f155fac2e1a created","level":"info"}
{"message":"Bookmark with id b01783ef-248b-4416-a588-5d1a1c93e59c created","level":"info"}
{"message":"Bookmark with id 6f381908-092c-44d3-ba7f-2bdae25b333c created","level":"info"}
{"message":"Bookmark with id 95306031-2f39-446b-8d6f-326c46e28c82 created","level":"info"}
{"message":"Unauthorized request to path: ${req.path}","level":"error"}
{"message":"Bookmark with id 2 not found.","level":"error"}
{"message":"Unauthorized request to path: ${req.path}","level":"error"}
{"message":"Unauthorized request to path: ${req.path}","level":"error"}
{"message":"Unauthorized request to path: ${req.path}","level":"error"}
{"message":"Unauthorized request to path: ${req.path}","level":"error"}
{"message":"Unauthorized request to path: ${req.path}","level":"error"}
{"message":"Unauthorized request to path: ${req.path}","level":"error"}
{"message":"Unauthorized request to path: ${req.path}","level":"error"}
{"message":"Unauthorized request to path: ${req.path}","level":"error"}
{"message":"Unauthorized request to path: ${req.path}","level":"error"}
{"message":"Unauthorized request to path: ${req.path}","level":"error"}
{"message":"Unauthorized request to path: ${req.path}","level":"error"}
{"message":"Unauthorized request to path: ${req.path}","level":"error"}
{"message":"Unauthorized request to path: ${req.path}","level":"error"}
{"message":"Unauthorized request to path: ${req.path}","level":"error"}
{"message":"Unauthorized request to path: ${req.path}","level":"error"}
{"message":"Unauthorized request to path: ${req.path}","level":"error"}
{"message":"Unauthorized request to path: ${req.path}","level":"error"}
{"message":"Unauthorized request to path: ${req.path}","level":"error"}
{"message":"Unauthorized request to path: ${req.path}","level":"error"}
{"message":"Unauthorized request to path: ${req.path}","level":"error"}
{"message":"Unauthorized request to path: ${req.path}","level":"error"}
{"message":"Unauthorized request to path: ${req.path}","level":"error"}
{"message":"Unauthorized request to path: ${req.path}","level":"error"}
{"message":"Unauthorized request to path: ${req.path}","level":"error"}
{"message":"Unauthorized request to path: ${req.path}","level":"error"}
{"message":"Unauthorized request to path: ${req.path}","level":"error"}
{"message":"Unauthorized request to path: ${req.path}","level":"error"}
{"message":"Unauthorized request to path: ${req.path}","level":"error"}
